=== RUN   Test1
09:38:15.364966 [0] listening at [::]:59184
09:38:15.367159 [1] listening at [::]:59185
09:38:15.368444 [2] listening at [::]:59186
09:38:15.369435 [3] listening at [::]:59187
09:38:15.370429 [4] listening at [::]:59188
09:38:15.393972 AT NODE 4: Election timer started: 3.528s, with term=0
09:38:15.393972 AT NODE 0: Election timer started: 5.838s, with term=0
09:38:15.393972 AT NODE 1: Election timer started: 4.857s, with term=0
09:38:15.393972 AT NODE 3: Election timer started: 4.481s, with term=0
09:38:15.393972 AT NODE 2: Election timer started: 4.516s, with term=0
09:38:18.994814 AT NODE 4: became Candidate with term=1;
09:38:18.995222 AT NODE 4: Election timer started: 3.132s, with term=1
09:38:18.995774 AT NODE 4: sending RequestVote to 0: {Term:1 CandidateId:4 LastLogIndex:-1 LastLogTerm:-1 Latency:498}
09:38:18.995774 AT NODE 4: sending RequestVote to 3: {Term:1 CandidateId:4 LastLogIndex:-1 LastLogTerm:-1 Latency:185}
09:38:18.995774 AT NODE 4: sending RequestVote to 1: {Term:1 CandidateId:4 LastLogIndex:-1 LastLogTerm:-1 Latency:385}
09:38:18.995774 AT NODE 4: sending RequestVote to 2: {Term:1 CandidateId:4 LastLogIndex:-1 LastLogTerm:-1 Latency:311}
09:38:19.206571 AT NODE 3: Received Vote Request from NODE 4; Args: {Term:1 CandidateId:4 LastLogIndex:-1 LastLogTerm:-1 Latency:185} [currentTerm=0, votedFor=-1, log index/term=(-1, -1)]
09:38:19.206571 AT NODE 3: became Follower with term=1; log=[]
09:38:19.206571 AT NODE 3: Sending Request Vote Reply: &{Term:1 VoteGranted:true}
09:38:19.206571 AT NODE 3: Election timer started: 5.179s, with term=1
09:38:19.206571 AT NODE 4: received RequestVoteReply from 3: {Term:1 VoteGranted:true}
09:38:19.206571 AT NODE 4: became Leader with term=1; log=[]
09:38:19.206571 AT NODE 4: became Leader; term=1, nextIndex=map[0:0 1:0 2:0 3:0], matchIndex=map[0:-1 1:-1 2:-1 3:-1]; log=[]
09:38:19.336366 AT NODE 2: Received Vote Request from NODE 4; Args: {Term:1 CandidateId:4 LastLogIndex:-1 LastLogTerm:-1 Latency:311} [currentTerm=0, votedFor=-1, log index/term=(-1, -1)]
09:38:19.336366 AT NODE 2: became Follower with term=1; log=[]
09:38:19.336366 AT NODE 2: Sending Request Vote Reply: &{Term:1 VoteGranted:true}
09:38:19.336366 AT NODE 2: Election timer started: 4.399s, with term=1
09:38:19.336366 AT NODE 4: received RequestVoteReply from 2: {Term:1 VoteGranted:true}
09:38:19.336366 AT NODE 4: State changed from Candidate to Leader
09:38:19.404599 AT NODE 1: Received Vote Request from NODE 4; Args: {Term:1 CandidateId:4 LastLogIndex:-1 LastLogTerm:-1 Latency:385} [currentTerm=0, votedFor=-1, log index/term=(-1, -1)]
09:38:19.404599 AT NODE 1: became Follower with term=1; log=[]
09:38:19.404599 AT NODE 1: Sending Request Vote Reply: &{Term:1 VoteGranted:true}
09:38:19.404599 AT NODE 1: Election timer started: 4.56s, with term=1
09:38:19.404599 AT NODE 4: received RequestVoteReply from 1: {Term:1 VoteGranted:true}
09:38:19.404599 AT NODE 4: State changed from Candidate to Leader
09:38:19.529061 AT NODE 0: Received Vote Request from NODE 4; Args: {Term:1 CandidateId:4 LastLogIndex:-1 LastLogTerm:-1 Latency:498} [currentTerm=0, votedFor=-1, log index/term=(-1, -1)]
09:38:19.529061 AT NODE 0: became Follower with term=1; log=[]
09:38:19.529061 AT NODE 0: Sending Request Vote Reply: &{Term:1 VoteGranted:true}
09:38:19.529377 AT NODE 0: Election timer started: 4.716s, with term=1
09:38:19.529377 AT NODE 4: received RequestVoteReply from 0: {Term:1 VoteGranted:true}
09:38:19.529377 AT NODE 4: State changed from Candidate to Leader
09:38:19.913997 [ACTION] Disconnecting 4
09:38:24.139740 AT NODE 2: became Candidate with term=2;
09:38:24.139740 AT NODE 2: Election timer started: 5.706s, with term=2
09:38:24.139740 AT NODE 2: sending RequestVote to 0: {Term:2 CandidateId:2 LastLogIndex:-1 LastLogTerm:-1 Latency:319}
09:38:24.139740 AT NODE 2: sending RequestVote to 3: {Term:2 CandidateId:2 LastLogIndex:-1 LastLogTerm:-1 Latency:99}
09:38:24.139740 AT NODE 2: sending RequestVote to 4: {Term:2 CandidateId:2 LastLogIndex:-1 LastLogTerm:-1 Latency:212}
09:38:24.139740 AT NODE 2: sending RequestVote to 1: {Term:2 CandidateId:2 LastLogIndex:-1 LastLogTerm:-1 Latency:90}
09:38:24.258696 AT NODE 1: Received Vote Request from NODE 2; Args: {Term:2 CandidateId:2 LastLogIndex:-1 LastLogTerm:-1 Latency:90} [currentTerm=1, votedFor=4, log index/term=(-1, -1)]
09:38:24.258696 AT NODE 1: became Follower with term=2; log=[]
09:38:24.258696 AT NODE 1: Sending Request Vote Reply: &{Term:2 VoteGranted:true}
09:38:24.258696 AT NODE 1: Election timer started: 5.748s, with term=2
09:38:24.258696 AT NODE 2: received RequestVoteReply from 1: {Term:2 VoteGranted:true}
09:38:24.258696 AT NODE 2: became Leader with term=2; log=[]
09:38:24.258696 AT NODE 2: became Leader; term=2, nextIndex=map[0:0 1:0 3:0 4:0], matchIndex=map[0:-1 1:-1 3:-1 4:-1]; log=[]
09:38:24.274399 AT NODE 3: Received Vote Request from NODE 2; Args: {Term:2 CandidateId:2 LastLogIndex:-1 LastLogTerm:-1 Latency:99} [currentTerm=1, votedFor=4, log index/term=(-1, -1)]
09:38:24.274399 AT NODE 3: became Follower with term=2; log=[]
09:38:24.274399 AT NODE 3: Sending Request Vote Reply: &{Term:2 VoteGranted:true}
09:38:24.274399 AT NODE 3: Election timer started: 3.294s, with term=2
09:38:24.274399 AT NODE 2: received RequestVoteReply from 3: {Term:2 VoteGranted:true}
09:38:24.274399 AT NODE 2: State changed from Candidate to Leader
09:38:24.334718 AT NODE 0: became Candidate with term=2;
09:38:24.334718 AT NODE 0: Election timer started: 4.462s, with term=2
09:38:24.334718 AT NODE 0: sending RequestVote to 3: {Term:2 CandidateId:0 LastLogIndex:-1 LastLogTerm:-1 Latency:168}
09:38:24.334718 AT NODE 0: sending RequestVote to 4: {Term:2 CandidateId:0 LastLogIndex:-1 LastLogTerm:-1 Latency:331}
09:38:24.334718 AT NODE 0: sending RequestVote to 2: {Term:2 CandidateId:0 LastLogIndex:-1 LastLogTerm:-1 Latency:284}
09:38:24.334718 AT NODE 0: sending RequestVote to 1: {Term:2 CandidateId:0 LastLogIndex:-1 LastLogTerm:-1 Latency:317}
09:38:24.440021 [ACTION] Disconnecting 2
09:38:24.487475 AT NODE 0: Received Vote Request from NODE 2; Args: {Term:2 CandidateId:2 LastLogIndex:-1 LastLogTerm:-1 Latency:319} [currentTerm=2, votedFor=0, log index/term=(-1, -1)]
09:38:24.487475 AT NODE 0: Sending Request Vote Reply: &{Term:2 VoteGranted:false}
09:38:24.529708 AT NODE 3: Received Vote Request from NODE 0; Args: {Term:2 CandidateId:0 LastLogIndex:-1 LastLogTerm:-1 Latency:168} [currentTerm=2, votedFor=2, log index/term=(-1, -1)]
09:38:24.529708 AT NODE 3: Sending Request Vote Reply: &{Term:2 VoteGranted:false}
09:38:24.529708 AT NODE 0: received RequestVoteReply from 3: {Term:2 VoteGranted:false}
09:38:24.609357 AT NODE 0: became Follower with term=2; log=[]
09:38:24.609357 AT NODE 0: Election timer started: 5.014s, with term=2
09:38:24.672491 AT NODE 1: Received Vote Request from NODE 0; Args: {Term:2 CandidateId:0 LastLogIndex:-1 LastLogTerm:-1 Latency:317} [currentTerm=2, votedFor=2, log index/term=(-1, -1)]
09:38:24.672491 AT NODE 1: Sending Request Vote Reply: &{Term:2 VoteGranted:false}
09:38:24.672491 AT NODE 0: received RequestVoteReply from 1: {Term:2 VoteGranted:false}
09:38:24.672491 AT NODE 0: State changed from Candidate to Follower
09:38:28.089311 AT NODE 3: became Candidate with term=3;
09:38:28.089311 AT NODE 3: Election timer started: 4.679s, with term=3
09:38:28.089311 AT NODE 3: sending RequestVote to 4: {Term:3 CandidateId:3 LastLogIndex:-1 LastLogTerm:-1 Latency:8}
09:38:28.089311 AT NODE 3: sending RequestVote to 0: {Term:3 CandidateId:3 LastLogIndex:-1 LastLogTerm:-1 Latency:10}
09:38:28.089311 AT NODE 3: sending RequestVote to 1: {Term:3 CandidateId:3 LastLogIndex:-1 LastLogTerm:-1 Latency:432}
09:38:28.089311 AT NODE 3: sending RequestVote to 2: {Term:3 CandidateId:3 LastLogIndex:-1 LastLogTerm:-1 Latency:210}
09:38:28.124326 AT NODE 0: Received Vote Request from NODE 3; Args: {Term:3 CandidateId:3 LastLogIndex:-1 LastLogTerm:-1 Latency:10} [currentTerm=2, votedFor=-1, log index/term=(-1, -1)]
09:38:28.124326 AT NODE 0: became Follower with term=3; log=[]
09:38:28.124326 AT NODE 0: Sending Request Vote Reply: &{Term:3 VoteGranted:true}
09:38:28.124326 AT NODE 0: Election timer started: 4.37s, with term=3
09:38:28.124326 AT NODE 3: received RequestVoteReply from 0: {Term:3 VoteGranted:true}
09:38:28.124326 AT NODE 3: became Leader with term=3; log=[]
09:38:28.124326 AT NODE 3: became Leader; term=3, nextIndex=map[0:0 1:0 2:0 4:0], matchIndex=map[0:-1 1:-1 2:-1 4:-1]; log=[]
09:38:28.217737 [ACTION] Disconnecting 3
09:38:28.297761 AT NODE 1: became Follower with term=3; log=[]
09:38:28.297761 AT NODE 1: Election timer started: 4.112s, with term=3
09:38:28.552262 AT NODE 1: Received Vote Request from NODE 3; Args: {Term:3 CandidateId:3 LastLogIndex:-1 LastLogTerm:-1 Latency:432} [currentTerm=3, votedFor=-1, log index/term=(-1, -1)]
09:38:28.552262 AT NODE 1: Sending Request Vote Reply: &{Term:3 VoteGranted:true}
09:38:32.506418 AT NODE 1: became Candidate with term=4;
09:38:32.506418 AT NODE 1: Election timer started: 3.383s, with term=4
09:38:32.506418 AT NODE 1: sending RequestVote to 3: {Term:4 CandidateId:1 LastLogIndex:-1 LastLogTerm:-1 Latency:391}
09:38:32.506418 AT NODE 1: sending RequestVote to 0: {Term:4 CandidateId:1 LastLogIndex:-1 LastLogTerm:-1 Latency:186}
09:38:32.506418 AT NODE 1: sending RequestVote to 2: {Term:4 CandidateId:1 LastLogIndex:-1 LastLogTerm:-1 Latency:55}
09:38:32.506418 AT NODE 1: sending RequestVote to 4: {Term:4 CandidateId:1 LastLogIndex:-1 LastLogTerm:-1 Latency:130}
09:38:32.715501 AT NODE 0: Received Vote Request from NODE 1; Args: {Term:4 CandidateId:1 LastLogIndex:-1 LastLogTerm:-1 Latency:186} [currentTerm=3, votedFor=3, log index/term=(-1, -1)]
09:38:32.715501 AT NODE 0: became Follower with term=4; log=[]
09:38:32.715501 AT NODE 0: Sending Request Vote Reply: &{Term:4 VoteGranted:true}
09:38:32.715501 AT NODE 0: Election timer started: 3.954s, with term=4
09:38:32.715501 AT NODE 1: received RequestVoteReply from 0: {Term:4 VoteGranted:true}
09:38:32.715501 AT NODE 1: became Leader with term=4; log=[]
09:38:32.715501 AT NODE 1: became Leader; term=4, nextIndex=map[0:0 2:0 3:0 4:0], matchIndex=map[0:-1 2:-1 3:-1 4:-1]; log=[]
09:38:35.769773 AT NODE 0: KILLED
09:38:35.769773 AT NODE 0: applyCommitedLogEntries done
09:38:36.256424 AT NODE 1: KILLED
09:38:36.256424 AT NODE 1: applyCommitedLogEntries done
--- PASS: Test1 (20.90s)
PASS
ok  	RaftLogReplication	22.545s
