=== RUN   Test2
09:38:46.265356 [0] listening at [::]:59211
09:38:46.268196 [1] listening at [::]:59212
09:38:46.270179 [2] listening at [::]:59213
09:38:46.271673 [3] listening at [::]:59214
09:38:46.273159 [4] listening at [::]:59215
09:38:46.311906 AT NODE 0: Election timer started: 3.335s, with term=0
09:38:46.311906 AT NODE 2: Election timer started: 5.98s, with term=0
09:38:46.311906 AT NODE 4: Election timer started: 3.797s, with term=0
09:38:46.311906 AT NODE 3: Election timer started: 5.401s, with term=0
09:38:46.311906 AT NODE 1: Election timer started: 5.668s, with term=0
09:38:49.727584 AT NODE 0: became Candidate with term=1;
09:38:49.727584 AT NODE 0: Election timer started: 4.496s, with term=1
09:38:49.728430 AT NODE 0: sending RequestVote to 2: {Term:1 CandidateId:0 LastLogIndex:-1 LastLogTerm:-1 Latency:133}
09:38:49.728430 AT NODE 0: sending RequestVote to 3: {Term:1 CandidateId:0 LastLogIndex:-1 LastLogTerm:-1 Latency:367}
09:38:49.728430 AT NODE 0: sending RequestVote to 1: {Term:1 CandidateId:0 LastLogIndex:-1 LastLogTerm:-1 Latency:171}
09:38:49.728430 AT NODE 0: sending RequestVote to 4: {Term:1 CandidateId:0 LastLogIndex:-1 LastLogTerm:-1 Latency:253}
09:38:49.886545 AT NODE 2: Received Vote Request from NODE 0; Args: {Term:1 CandidateId:0 LastLogIndex:-1 LastLogTerm:-1 Latency:133} [currentTerm=0, votedFor=-1, log index/term=(-1, -1)]
09:38:49.886545 AT NODE 2: became Follower with term=1; log=[]
09:38:49.886545 AT NODE 2: Sending Request Vote Reply: &{Term:1 VoteGranted:true}
09:38:49.886545 AT NODE 2: Election timer started: 3.85s, with term=1
09:38:49.887377 AT NODE 0: received RequestVoteReply from 2: {Term:1 VoteGranted:true}
09:38:49.887377 AT NODE 0: became Leader with term=1; log=[]
09:38:49.888371 AT NODE 0: became Leader; term=1, nextIndex=map[1:0 2:0 3:0 4:0], matchIndex=map[1:-1 2:-1 3:-1 4:-1]; log=[]
09:38:49.934382 AT NODE 1: Received Vote Request from NODE 0; Args: {Term:1 CandidateId:0 LastLogIndex:-1 LastLogTerm:-1 Latency:171} [currentTerm=0, votedFor=-1, log index/term=(-1, -1)]
09:38:49.934382 AT NODE 1: became Follower with term=1; log=[]
09:38:49.934382 AT NODE 1: Sending Request Vote Reply: &{Term:1 VoteGranted:true}
09:38:49.934382 AT NODE 1: Election timer started: 5.659s, with term=1
09:38:49.935537 AT NODE 0: received RequestVoteReply from 1: {Term:1 VoteGranted:true}
09:38:49.935537 AT NODE 0: State changed from Candidate to Leader
09:38:50.013453 AT NODE 4: Received Vote Request from NODE 0; Args: {Term:1 CandidateId:0 LastLogIndex:-1 LastLogTerm:-1 Latency:253} [currentTerm=0, votedFor=-1, log index/term=(-1, -1)]
09:38:50.013453 AT NODE 4: became Follower with term=1; log=[]
09:38:50.013453 AT NODE 4: Sending Request Vote Reply: &{Term:1 VoteGranted:true}
09:38:50.013453 AT NODE 4: Election timer started: 5.201s, with term=1
09:38:50.014298 AT NODE 0: received RequestVoteReply from 4: {Term:1 VoteGranted:true}
09:38:50.014298 AT NODE 0: State changed from Candidate to Leader
09:38:50.092033 AT NODE 0: ReceiveClientCommand received by Leader: Set X = 5
09:38:50.092033 AT NODE 0: Log=[{Set X = 5 1}]
09:38:50.092033 AT NODE 0: ReceiveClientCommand received by Leader: Set X = 1000
09:38:50.092033 AT NODE 0: Log=[{Set X = 5 1} {Set X = 1000 1}]
09:38:50.123988 AT NODE 3: Received Vote Request from NODE 0; Args: {Term:1 CandidateId:0 LastLogIndex:-1 LastLogTerm:-1 Latency:367} [currentTerm=0, votedFor=-1, log index/term=(-1, -1)]
09:38:50.123988 AT NODE 3: became Follower with term=1; log=[]
09:38:50.123988 AT NODE 3: Sending Request Vote Reply: &{Term:1 VoteGranted:true}
09:38:50.123988 AT NODE 3: Election timer started: 3.434s, with term=1
09:38:50.124923 AT NODE 0: received RequestVoteReply from 3: {Term:1 VoteGranted:true}
09:38:50.124923 AT NODE 0: State changed from Candidate to Leader
09:38:50.892096 AT NODE 0: sending AppendEntries to 2: currentPeer_nextIndex=0, args={Term:1 LeaderId:0 PrevLogIndex:-1 PrevLogTerm:-1 Entries:[{Command:Set X = 5 Term:1} {Command:Set X = 1000 Term:1}] LeaderCommit:-1 Latency:135}
09:38:50.892096 AT NODE 0: sending AppendEntries to 1: currentPeer_nextIndex=0, args={Term:1 LeaderId:0 PrevLogIndex:-1 PrevLogTerm:-1 Entries:[{Command:Set X = 5 Term:1} {Command:Set X = 1000 Term:1}] LeaderCommit:-1 Latency:32}
09:38:50.892096 AT NODE 0: sending AppendEntries to 3: currentPeer_nextIndex=0, args={Term:1 LeaderId:0 PrevLogIndex:-1 PrevLogTerm:-1 Entries:[{Command:Set X = 5 Term:1} {Command:Set X = 1000 Term:1}] LeaderCommit:-1 Latency:20}
09:38:50.892096 AT NODE 0: sending AppendEntries to 4: currentPeer_nextIndex=0, args={Term:1 LeaderId:0 PrevLogIndex:-1 PrevLogTerm:-1 Entries:[{Command:Set X = 5 Term:1} {Command:Set X = 1000 Term:1}] LeaderCommit:-1 Latency:442}
09:38:50.937021 AT NODE 3: Received AppendEntries from NODE 0; args: {Term:1 LeaderId:0 PrevLogIndex:-1 PrevLogTerm:-1 Entries:[{Command:Set X = 5 Term:1} {Command:Set X = 1000 Term:1}] LeaderCommit:-1 Latency:20}
09:38:50.937021 AT NODE 3: Log is now: [{Set X = 5 1} {Set X = 1000 1}]
09:38:50.937021 AT NODE 3: Sending AppendEntries reply: {Term:1 Success:true}
09:38:50.938059 AT NODE 0: AppendEntries reply from NODE 3 success: nextIndex := map[1:0 2:0 3:2 4:0], matchIndex := map[1:-1 2:-1 3:1 4:-1]
09:38:50.952513 AT NODE 1: Received AppendEntries from NODE 0; args: {Term:1 LeaderId:0 PrevLogIndex:-1 PrevLogTerm:-1 Entries:[{Command:Set X = 5 Term:1} {Command:Set X = 1000 Term:1}] LeaderCommit:-1 Latency:32}
09:38:50.952513 AT NODE 1: Log is now: [{Set X = 5 1} {Set X = 1000 1}]
09:38:50.952513 AT NODE 1: Sending AppendEntries reply: {Term:1 Success:true}
09:38:50.952513 AT NODE 0: AppendEntries reply from NODE 1 success: nextIndex := map[1:2 2:0 3:2 4:0], matchIndex := map[1:1 2:-1 3:1 4:-1]
09:38:50.953552 AT NODE 0: leader sets commitIndex := 1
09:38:51.060828 AT NODE 2: Received AppendEntries from NODE 0; args: {Term:1 LeaderId:0 PrevLogIndex:-1 PrevLogTerm:-1 Entries:[{Command:Set X = 5 Term:1} {Command:Set X = 1000 Term:1}] LeaderCommit:-1 Latency:135}
09:38:51.060828 AT NODE 2: Log is now: [{Set X = 5 1} {Set X = 1000 1}]
09:38:51.060828 AT NODE 2: Sending AppendEntries reply: {Term:1 Success:true}
09:38:51.061873 AT NODE 0: AppendEntries reply from NODE 2 success: nextIndex := map[1:2 2:2 3:2 4:0], matchIndex := map[1:1 2:1 3:1 4:-1]
09:38:51.358481 AT NODE 4: Received AppendEntries from NODE 0; args: {Term:1 LeaderId:0 PrevLogIndex:-1 PrevLogTerm:-1 Entries:[{Command:Set X = 5 Term:1} {Command:Set X = 1000 Term:1}] LeaderCommit:-1 Latency:442}
09:38:51.359269 AT NODE 4: Log is now: [{Set X = 5 1} {Set X = 1000 1}]
09:38:51.359269 AT NODE 4: Sending AppendEntries reply: {Term:1 Success:true}
09:38:51.359269 AT NODE 0: AppendEntries reply from NODE 4 success: nextIndex := map[1:2 2:2 3:2 4:2], matchIndex := map[1:1 2:1 3:1 4:1]
09:38:53.104671 [ACTION] Disconnecting 0
09:38:56.937188 AT NODE 3: became Candidate with term=2;
09:38:56.937982 AT NODE 3: Election timer started: 5.529s, with term=2
09:38:56.937982 AT NODE 3: sending RequestVote to 1: {Term:2 CandidateId:3 LastLogIndex:1 LastLogTerm:1 Latency:44}
09:38:56.937982 AT NODE 3: sending RequestVote to 0: {Term:2 CandidateId:3 LastLogIndex:1 LastLogTerm:1 Latency:55}
09:38:56.937982 AT NODE 3: sending RequestVote to 2: {Term:2 CandidateId:3 LastLogIndex:1 LastLogTerm:1 Latency:110}
09:38:56.937982 AT NODE 3: sending RequestVote to 4: {Term:2 CandidateId:3 LastLogIndex:1 LastLogTerm:1 Latency:163}
09:38:57.015454 AT NODE 1: Received Vote Request from NODE 3; Args: {Term:2 CandidateId:3 LastLogIndex:1 LastLogTerm:1 Latency:44} [currentTerm=1, votedFor=0, log index/term=(1, 1)]
09:38:57.015454 AT NODE 1: became Follower with term=2; log=[{Set X = 5 1} {Set X = 1000 1}]
09:38:57.015454 AT NODE 1: Sending Request Vote Reply: &{Term:2 VoteGranted:true}
09:38:57.015454 AT NODE 1: Election timer started: 3.093s, with term=2
09:38:57.016362 AT NODE 3: received RequestVoteReply from 1: {Term:2 VoteGranted:true}
09:38:57.016362 AT NODE 3: became Leader with term=2; log=[{Set X = 5 1} {Set X = 1000 1}]
09:38:57.016362 AT NODE 3: became Leader; term=2, nextIndex=map[0:2 1:2 2:2 4:2], matchIndex=map[0:-1 1:-1 2:-1 4:-1]; log=[{Set X = 5 1} {Set X = 1000 1}]
09:38:57.078143 AT NODE 4: became Follower with term=2; log=[{Set X = 5 1} {Set X = 1000 1}]
09:38:57.078143 AT NODE 2: Received Vote Request from NODE 3; Args: {Term:2 CandidateId:3 LastLogIndex:1 LastLogTerm:1 Latency:110} [currentTerm=1, votedFor=0, log index/term=(1, 1)]
09:38:57.078143 AT NODE 2: became Follower with term=2; log=[{Set X = 5 1} {Set X = 1000 1}]
09:38:57.078143 AT NODE 4: Election timer started: 3.641s, with term=2
09:38:57.078143 AT NODE 2: Sending Request Vote Reply: &{Term:2 VoteGranted:true}
09:38:57.078143 AT NODE 2: Election timer started: 3.059s, with term=2
09:38:57.079782 AT NODE 3: received RequestVoteReply from 2: {Term:2 VoteGranted:true}
09:38:57.079782 AT NODE 3: State changed from Candidate to Leader
09:38:57.125338 AT NODE 4: Received Vote Request from NODE 3; Args: {Term:2 CandidateId:3 LastLogIndex:1 LastLogTerm:1 Latency:163} [currentTerm=2, votedFor=-1, log index/term=(1, 1)]
09:38:57.125338 AT NODE 4: Sending Request Vote Reply: &{Term:2 VoteGranted:true}
09:38:57.125338 AT NODE 3: received RequestVoteReply from 4: {Term:2 VoteGranted:true}
09:38:57.126197 AT NODE 3: State changed from Candidate to Leader
09:38:57.654419 AT NODE 3: ReceiveClientCommand received by Leader: Set X = X+10
09:38:57.654419 AT NODE 3: Log=[{Set X = 5 1} {Set X = 1000 1} {Set X = X+10 2}]
09:38:57.654419 AT NODE 3: ReceiveClientCommand received by Leader: Set X = X+1
09:38:57.654419 AT NODE 3: Log=[{Set X = 5 1} {Set X = 1000 1} {Set X = X+10 2} {Set X = X+1 2}]
09:38:57.654419 AT NODE 3: ReceiveClientCommand received by Leader: Set Y = 5
09:38:57.654419 AT NODE 3: Log=[{Set X = 5 1} {Set X = 1000 1} {Set X = X+10 2} {Set X = X+1 2} {Set Y = 5 2}]
09:38:57.654419 AT NODE 3: ReceiveClientCommand received by Leader: Set Y = X+Y
09:38:57.654419 AT NODE 3: Log=[{Set X = 5 1} {Set X = 1000 1} {Set X = X+10 2} {Set X = X+1 2} {Set Y = 5 2} {Set Y = X+Y 2}]
09:38:57.654419 AT NODE 3: ReceiveClientCommand received by Leader: Set Y = Y+3
09:38:57.654419 AT NODE 3: Log=[{Set X = 5 1} {Set X = 1000 1} {Set X = X+10 2} {Set X = X+1 2} {Set Y = 5 2} {Set Y = X+Y 2} {Set Y = Y+3 2}]
09:38:57.654419 AT NODE 3: ReceiveClientCommand received by Leader: Set Z = -1
09:38:57.654419 AT NODE 3: Log=[{Set X = 5 1} {Set X = 1000 1} {Set X = X+10 2} {Set X = X+1 2} {Set Y = 5 2} {Set Y = X+Y 2} {Set Y = Y+3 2} {Set Z = -1 2}]
09:38:58.029892 AT NODE 3: sending AppendEntries to 0: currentPeer_nextIndex=2, args={Term:2 LeaderId:3 PrevLogIndex:1 PrevLogTerm:1 Entries:[{Command:Set X = X+10 Term:2} {Command:Set X = X+1 Term:2} {Command:Set Y = 5 Term:2} {Command:Set Y = X+Y Term:2} {Command:Set Y = Y+3 Term:2} {Command:Set Z = -1 Term:2}] LeaderCommit:1 Latency:134}
09:38:58.029892 AT NODE 3: sending AppendEntries to 2: currentPeer_nextIndex=2, args={Term:2 LeaderId:3 PrevLogIndex:1 PrevLogTerm:1 Entries:[{Command:Set X = X+10 Term:2} {Command:Set X = X+1 Term:2} {Command:Set Y = 5 Term:2} {Command:Set Y = X+Y Term:2} {Command:Set Y = Y+3 Term:2} {Command:Set Z = -1 Term:2}] LeaderCommit:1 Latency:305}
09:38:58.029892 AT NODE 3: sending AppendEntries to 1: currentPeer_nextIndex=2, args={Term:2 LeaderId:3 PrevLogIndex:1 PrevLogTerm:1 Entries:[{Command:Set X = X+10 Term:2} {Command:Set X = X+1 Term:2} {Command:Set Y = 5 Term:2} {Command:Set Y = X+Y Term:2} {Command:Set Y = Y+3 Term:2} {Command:Set Z = -1 Term:2}] LeaderCommit:1 Latency:200}
09:38:58.030727 AT NODE 3: sending AppendEntries to 4: currentPeer_nextIndex=2, args={Term:2 LeaderId:3 PrevLogIndex:1 PrevLogTerm:1 Entries:[{Command:Set X = X+10 Term:2} {Command:Set X = X+1 Term:2} {Command:Set Y = 5 Term:2} {Command:Set Y = X+Y Term:2} {Command:Set Y = Y+3 Term:2} {Command:Set Z = -1 Term:2}] LeaderCommit:1 Latency:349}
09:38:58.252547 AT NODE 1: Received AppendEntries from NODE 3; args: {Term:2 LeaderId:3 PrevLogIndex:1 PrevLogTerm:1 Entries:[{Command:Set X = X+10 Term:2} {Command:Set X = X+1 Term:2} {Command:Set Y = 5 Term:2} {Command:Set Y = X+Y Term:2} {Command:Set Y = Y+3 Term:2} {Command:Set Z = -1 Term:2}] LeaderCommit:1 Latency:200}
09:38:58.252547 AT NODE 1: Log is now: [{Set X = 5 1} {Set X = 1000 1} {Set X = X+10 2} {Set X = X+1 2} {Set Y = 5 2} {Set Y = X+Y 2} {Set Y = Y+3 2} {Set Z = -1 2}]
09:38:58.252547 AT NODE 1: Sending AppendEntries reply: {Term:2 Success:true}
09:38:58.253471 AT NODE 3: AppendEntries reply from NODE 1 success: nextIndex := map[0:2 1:8 2:2 4:2], matchIndex := map[0:-1 1:7 2:1 4:1]
09:38:58.361314 AT NODE 2: Received AppendEntries from NODE 3; args: {Term:2 LeaderId:3 PrevLogIndex:1 PrevLogTerm:1 Entries:[{Command:Set X = X+10 Term:2} {Command:Set X = X+1 Term:2} {Command:Set Y = 5 Term:2} {Command:Set Y = X+Y Term:2} {Command:Set Y = Y+3 Term:2} {Command:Set Z = -1 Term:2}] LeaderCommit:1 Latency:305}
09:38:58.361314 AT NODE 2: Log is now: [{Set X = 5 1} {Set X = 1000 1} {Set X = X+10 2} {Set X = X+1 2} {Set Y = 5 2} {Set Y = X+Y 2} {Set Y = Y+3 2} {Set Z = -1 2}]
09:38:58.361314 AT NODE 2: Sending AppendEntries reply: {Term:2 Success:true}
09:38:58.361907 AT NODE 3: AppendEntries reply from NODE 2 success: nextIndex := map[0:2 1:8 2:8 4:2], matchIndex := map[0:-1 1:7 2:7 4:1]
09:38:58.361907 AT NODE 3: leader sets commitIndex := 7
09:38:58.408024 AT NODE 4: Received AppendEntries from NODE 3; args: {Term:2 LeaderId:3 PrevLogIndex:1 PrevLogTerm:1 Entries:[{Command:Set X = X+10 Term:2} {Command:Set X = X+1 Term:2} {Command:Set Y = 5 Term:2} {Command:Set Y = X+Y Term:2} {Command:Set Y = Y+3 Term:2} {Command:Set Z = -1 Term:2}] LeaderCommit:1 Latency:349}
09:38:58.408024 AT NODE 4: Log is now: [{Set X = 5 1} {Set X = 1000 1} {Set X = X+10 2} {Set X = X+1 2} {Set Y = 5 2} {Set Y = X+Y 2} {Set Y = Y+3 2} {Set Z = -1 2}]
09:38:58.408024 AT NODE 4: Sending AppendEntries reply: {Term:2 Success:true}
09:38:58.408523 AT NODE 3: AppendEntries reply from NODE 4 success: nextIndex := map[0:2 1:8 2:8 4:8], matchIndex := map[0:-1 1:7 2:7 4:7]
09:38:59.030992 AT NODE 3: sending AppendEntries to 0: currentPeer_nextIndex=2, args={Term:2 LeaderId:3 PrevLogIndex:1 PrevLogTerm:1 Entries:[{Command:Set X = X+10 Term:2} {Command:Set X = X+1 Term:2} {Command:Set Y = 5 Term:2} {Command:Set Y = X+Y Term:2} {Command:Set Y = Y+3 Term:2} {Command:Set Z = -1 Term:2}] LeaderCommit:7 Latency:53}
09:39:00.023497 AT NODE 3: sending AppendEntries to 0: currentPeer_nextIndex=2, args={Term:2 LeaderId:3 PrevLogIndex:1 PrevLogTerm:1 Entries:[{Command:Set X = X+10 Term:2} {Command:Set X = X+1 Term:2} {Command:Set Y = 5 Term:2} {Command:Set Y = X+Y Term:2} {Command:Set Y = Y+3 Term:2} {Command:Set Z = -1 Term:2}] LeaderCommit:7 Latency:443}
09:39:00.668838 AT NODE 3: ReceiveClientCommand received by Leader: Set Z = 3
09:39:00.668838 AT NODE 3: Log=[{Set X = 5 1} {Set X = 1000 1} {Set X = X+10 2} {Set X = X+1 2} {Set Y = 5 2} {Set Y = X+Y 2} {Set Y = Y+3 2} {Set Z = -1 2} {Set Z = 3 2}]
09:39:01.028433 AT NODE 3: sending AppendEntries to 4: currentPeer_nextIndex=8, args={Term:2 LeaderId:3 PrevLogIndex:7 PrevLogTerm:2 Entries:[{Command:Set Z = 3 Term:2}] LeaderCommit:7 Latency:100}
09:39:01.029211 AT NODE 3: sending AppendEntries to 0: currentPeer_nextIndex=2, args={Term:2 LeaderId:3 PrevLogIndex:1 PrevLogTerm:1 Entries:[{Command:Set X = X+10 Term:2} {Command:Set X = X+1 Term:2} {Command:Set Y = 5 Term:2} {Command:Set Y = X+Y Term:2} {Command:Set Y = Y+3 Term:2} {Command:Set Z = -1 Term:2} {Command:Set Z = 3 Term:2}] LeaderCommit:7 Latency:122}
09:39:01.029211 AT NODE 3: sending AppendEntries to 2: currentPeer_nextIndex=8, args={Term:2 LeaderId:3 PrevLogIndex:7 PrevLogTerm:2 Entries:[{Command:Set Z = 3 Term:2}] LeaderCommit:7 Latency:395}
09:39:01.029711 AT NODE 3: sending AppendEntries to 1: currentPeer_nextIndex=8, args={Term:2 LeaderId:3 PrevLogIndex:7 PrevLogTerm:2 Entries:[{Command:Set Z = 3 Term:2}] LeaderCommit:7 Latency:302}
09:39:01.151732 AT NODE 4: Received AppendEntries from NODE 3; args: {Term:2 LeaderId:3 PrevLogIndex:7 PrevLogTerm:2 Entries:[{Command:Set Z = 3 Term:2}] LeaderCommit:7 Latency:100}
09:39:01.152124 AT NODE 4: Log is now: [{Set X = 5 1} {Set X = 1000 1} {Set X = X+10 2} {Set X = X+1 2} {Set Y = 5 2} {Set Y = X+Y 2} {Set Y = Y+3 2} {Set Z = -1 2} {Set Z = 3 2}]
09:39:01.152124 AT NODE 4: Sending AppendEntries reply: {Term:2 Success:true}
09:39:01.152554 AT NODE 3: AppendEntries reply from NODE 4 success: nextIndex := map[0:2 1:8 2:8 4:9], matchIndex := map[0:-1 1:7 2:7 4:8]
09:39:01.367184 AT NODE 1: Received AppendEntries from NODE 3; args: {Term:2 LeaderId:3 PrevLogIndex:7 PrevLogTerm:2 Entries:[{Command:Set Z = 3 Term:2}] LeaderCommit:7 Latency:302}
09:39:01.367184 AT NODE 1: Log is now: [{Set X = 5 1} {Set X = 1000 1} {Set X = X+10 2} {Set X = X+1 2} {Set Y = 5 2} {Set Y = X+Y 2} {Set Y = Y+3 2} {Set Z = -1 2} {Set Z = 3 2}]
09:39:01.367184 AT NODE 1: Sending AppendEntries reply: {Term:2 Success:true}
09:39:01.368229 AT NODE 3: AppendEntries reply from NODE 1 success: nextIndex := map[0:2 1:9 2:8 4:9], matchIndex := map[0:-1 1:8 2:7 4:8]
09:39:01.368229 AT NODE 3: leader sets commitIndex := 8
09:39:01.463312 AT NODE 2: Received AppendEntries from NODE 3; args: {Term:2 LeaderId:3 PrevLogIndex:7 PrevLogTerm:2 Entries:[{Command:Set Z = 3 Term:2}] LeaderCommit:7 Latency:395}
09:39:01.463474 AT NODE 2: Log is now: [{Set X = 5 1} {Set X = 1000 1} {Set X = X+10 2} {Set X = X+1 2} {Set Y = 5 2} {Set Y = X+Y 2} {Set Y = Y+3 2} {Set Z = -1 2} {Set Z = 3 2}]
09:39:01.463474 AT NODE 2: Sending AppendEntries reply: {Term:2 Success:true}
09:39:01.464308 AT NODE 3: AppendEntries reply from NODE 2 success: nextIndex := map[0:2 1:9 2:9 4:9], matchIndex := map[0:-1 1:8 2:8 4:8]
09:39:02.031661 AT NODE 3: sending AppendEntries to 0: currentPeer_nextIndex=2, args={Term:2 LeaderId:3 PrevLogIndex:1 PrevLogTerm:1 Entries:[{Command:Set X = X+10 Term:2} {Command:Set X = X+1 Term:2} {Command:Set Y = 5 Term:2} {Command:Set Y = X+Y Term:2} {Command:Set Y = Y+3 Term:2} {Command:Set Z = -1 Term:2} {Command:Set Z = 3 Term:2}] LeaderCommit:8 Latency:281}
09:39:03.029451 AT NODE 3: sending AppendEntries to 0: currentPeer_nextIndex=2, args={Term:2 LeaderId:3 PrevLogIndex:1 PrevLogTerm:1 Entries:[{Command:Set X = X+10 Term:2} {Command:Set X = X+1 Term:2} {Command:Set Y = 5 Term:2} {Command:Set Y = X+Y Term:2} {Command:Set Y = Y+3 Term:2} {Command:Set Z = -1 Term:2} {Command:Set Z = 3 Term:2}] LeaderCommit:8 Latency:66}
09:39:03.676701 [ACTION] Reconnecting 0
09:39:03.896096 AT NODE 0: sending AppendEntries to 1: currentPeer_nextIndex=2, args={Term:1 LeaderId:0 PrevLogIndex:1 PrevLogTerm:1 Entries:[{Command:Set X = X-5 Term:1}] LeaderCommit:1 Latency:417}
09:39:03.896096 AT NODE 0: sending AppendEntries to 3: currentPeer_nextIndex=2, args={Term:1 LeaderId:0 PrevLogIndex:1 PrevLogTerm:1 Entries:[{Command:Set X = X-5 Term:1}] LeaderCommit:1 Latency:105}
09:39:03.896096 AT NODE 0: sending AppendEntries to 2: currentPeer_nextIndex=2, args={Term:1 LeaderId:0 PrevLogIndex:1 PrevLogTerm:1 Entries:[{Command:Set X = X-5 Term:1}] LeaderCommit:1 Latency:3}
09:39:03.896096 AT NODE 0: sending AppendEntries to 4: currentPeer_nextIndex=2, args={Term:1 LeaderId:0 PrevLogIndex:1 PrevLogTerm:1 Entries:[{Command:Set X = X-5 Term:1}] LeaderCommit:1 Latency:287}
09:39:03.926997 AT NODE 2: Received AppendEntries from NODE 0; args: {Term:1 LeaderId:0 PrevLogIndex:1 PrevLogTerm:1 Entries:[{Command:Set X = X-5 Term:1}] LeaderCommit:1 Latency:3}
09:39:03.926997 AT NODE 2: Sending AppendEntries reply: {Term:2 Success:false}
09:39:03.927832 AT NODE 0: became Follower with term=2; log=[{Set X = 5 1} {Set X = 1000 1} {Set X = X-5 1}]
09:39:03.927832 AT NODE 0: Election timer started: 3.675s, with term=2
09:39:04.020840 AT NODE 3: sending AppendEntries to 0: currentPeer_nextIndex=2, args={Term:2 LeaderId:3 PrevLogIndex:1 PrevLogTerm:1 Entries:[{Command:Set X = X+10 Term:2} {Command:Set X = X+1 Term:2} {Command:Set Y = 5 Term:2} {Command:Set Y = X+Y Term:2} {Command:Set Y = Y+3 Term:2} {Command:Set Z = -1 Term:2} {Command:Set Z = 3 Term:2}] LeaderCommit:8 Latency:489}
09:39:04.036441 AT NODE 3: Received AppendEntries from NODE 0; args: {Term:1 LeaderId:0 PrevLogIndex:1 PrevLogTerm:1 Entries:[{Command:Set X = X-5 Term:1}] LeaderCommit:1 Latency:105}
09:39:04.036441 AT NODE 3: Sending AppendEntries reply: {Term:2 Success:false}
09:39:04.209106 AT NODE 4: Received AppendEntries from NODE 0; args: {Term:1 LeaderId:0 PrevLogIndex:1 PrevLogTerm:1 Entries:[{Command:Set X = X-5 Term:1}] LeaderCommit:1 Latency:287}
09:39:04.209106 AT NODE 4: Sending AppendEntries reply: {Term:2 Success:false}
09:39:04.348531 AT NODE 1: Received AppendEntries from NODE 0; args: {Term:1 LeaderId:0 PrevLogIndex:1 PrevLogTerm:1 Entries:[{Command:Set X = X-5 Term:1}] LeaderCommit:1 Latency:417}
09:39:04.348531 AT NODE 1: Sending AppendEntries reply: {Term:2 Success:false}
09:39:04.535350 AT NODE 0: Received AppendEntries from NODE 3; args: {Term:2 LeaderId:3 PrevLogIndex:1 PrevLogTerm:1 Entries:[{Command:Set X = X+10 Term:2} {Command:Set X = X+1 Term:2} {Command:Set Y = 5 Term:2} {Command:Set Y = X+Y Term:2} {Command:Set Y = Y+3 Term:2} {Command:Set Z = -1 Term:2} {Command:Set Z = 3 Term:2}] LeaderCommit:8 Latency:489}
09:39:04.535350 AT NODE 0: Log is now: [{Set X = 5 1} {Set X = 1000 1} {Set X = X+10 2} {Set X = X+1 2} {Set Y = 5 2} {Set Y = X+Y 2} {Set Y = Y+3 2} {Set Z = -1 2} {Set Z = 3 2}]
09:39:04.536196 AT NODE 0: Sending AppendEntries reply: {Term:2 Success:true}
09:39:04.538160 AT NODE 3: AppendEntries reply from NODE 0 success: nextIndex := map[0:9 1:9 2:9 4:9], matchIndex := map[0:8 1:8 2:8 4:8]
09:39:18.706769 AT NODE 0: KILLED
09:39:18.706769 AT NODE 0: applyCommitedLogEntries done
09:39:18.706769 AT NODE 1: KILLED
09:39:18.706769 AT NODE 1: applyCommitedLogEntries done
09:39:18.706769 AT NODE 2: KILLED
09:39:18.706769 AT NODE 2: applyCommitedLogEntries done
09:39:18.707939 AT NODE 3: KILLED
09:39:18.707990 AT NODE 3: applyCommitedLogEntries done
09:39:18.708317 AT NODE 4: KILLED
09:39:18.708317 AT NODE 4: applyCommitedLogEntries done
--- PASS: Test2 (32.45s)
PASS
ok  	RaftLogReplication	34.068s
